<?xml version="1.0" encoding="UTF-8"?>
<testng-results ignored="0" total="1" passed="1" failed="0" skipped="0">
  <reporter-output>
  </reporter-output>
  <suite started-at="2024-04-04T20:35:29 IST" name="Default suite" finished-at="2024-04-04T20:35:41 IST" duration-ms="12379">
    <groups>
    </groups>
    <test started-at="2024-04-04T20:35:29 IST" name="Default test" finished-at="2024-04-04T20:35:41 IST" duration-ms="12379">
      <class name="AllSelenium.JqueryDdpractice">
        <test-method signature="jqueryDropdown()[pri:0, instance:AllSelenium.JqueryDdpractice@1da2cb77]" started-at="2024-04-04T20:35:29 IST" name="jqueryDropdown" finished-at="2024-04-04T20:35:41 IST" duration-ms="12330" status="PASS">
          <reporter-output>
          </reporter-output>
        </test-method> <!-- jqueryDropdown -->
      </class> <!-- AllSelenium.JqueryDdpractice -->
    </test> <!-- Default test -->
  </suite> <!-- Default suite -->
</testng-results>
