<?xml version="1.0" encoding="UTF-8"?>
<testng-results ignored="0" total="1" passed="1" failed="0" skipped="0">
  <reporter-output>
  </reporter-output>
  <suite started-at="2024-04-18T14:16:27 IST" name="Default suite" finished-at="2024-04-18T14:16:45 IST" duration-ms="18730">
    <groups>
    </groups>
    <test started-at="2024-04-18T14:16:27 IST" name="Default test" finished-at="2024-04-18T14:16:45 IST" duration-ms="18730">
      <class name="AllSelenium_YT.HandleDynamicElemements_XpathBySurrounding">
        <test-method signature="DynamicWebElement()[pri:0, instance:AllSelenium_YT.HandleDynamicElemements_XpathBySurrounding@27462a88]" started-at="2024-04-18T14:16:27 IST" name="DynamicWebElement" finished-at="2024-04-18T14:16:45 IST" duration-ms="18684" status="PASS">
          <reporter-output>
          </reporter-output>
        </test-method> <!-- DynamicWebElement -->
      </class> <!-- AllSelenium_YT.HandleDynamicElemements_XpathBySurrounding -->
    </test> <!-- Default test -->
  </suite> <!-- Default suite -->
</testng-results>
